<?xml version="1.0" encoding="UTF-8"?>
<testng-results ignored="0" total="1" passed="1" failed="0" skipped="0">
  <reporter-output>
  </reporter-output>
  <suite started-at="2024-03-15T12:11:04 IST" name="Default suite" finished-at="2024-03-15T12:11:15 IST" duration-ms="11145">
    <groups>
      <group name="cucumber">
        <method signature="AbstractTestNGCucumberTests.runScenario(io.cucumber.testng.PickleWrapper,io.cucumber.testng.FeatureWrapper)[pri:0, instance:execution.runner@17f9d882]" name="runScenario" class="io.cucumber.testng.AbstractTestNGCucumberTests"/>
      </group> <!-- cucumber -->
    </groups>
    <test started-at="2024-03-15T12:11:04 IST" name="Default test" finished-at="2024-03-15T12:11:15 IST" duration-ms="11145">
      <class name="execution.runner">
        <test-method is-config="true" signature="setUpClass(org.testng.ITestContext)[pri:0, instance:execution.runner@17f9d882]" started-at="2024-03-15T12:11:04 IST" name="setUpClass" finished-at="2024-03-15T12:11:04 IST" duration-ms="300" status="PASS">
          <params>
            <param index="0">
              <value>
                <![CDATA[org.testng.TestRunner@2f84acf7]]>
              </value>
            </param>
          </params>
          <reporter-output>
          </reporter-output>
        </test-method> <!-- setUpClass -->
        <test-method signature="runScenario(io.cucumber.testng.PickleWrapper,io.cucumber.testng.FeatureWrapper)[pri:0, instance:execution.runner@17f9d882]" started-at="2024-03-15T12:11:04 IST" name="runScenario" description="Runs Cucumber Scenarios" data-provider="scenarios" finished-at="2024-03-15T12:11:15 IST" duration-ms="10769" status="PASS">
          <params>
            <param index="0">
              <value>
                <![CDATA["verify logo"]]>
              </value>
            </param>
            <param index="1">
              <value>
                <![CDATA["verify snapdeal"]]>
              </value>
            </param>
          </params>
          <reporter-output>
          </reporter-output>
        </test-method> <!-- runScenario -->
        <test-method is-config="true" signature="tearDownClass()[pri:0, instance:execution.runner@17f9d882]" started-at="2024-03-15T12:11:15 IST" name="tearDownClass" finished-at="2024-03-15T12:11:15 IST" duration-ms="2" status="PASS">
          <reporter-output>
          </reporter-output>
        </test-method> <!-- tearDownClass -->
      </class> <!-- execution.runner -->
    </test> <!-- Default test -->
  </suite> <!-- Default suite -->
</testng-results>
